#
# A fatal error has been detected by the Java Runtime Environment:
#
#  Internal Error (classFileParser.cpp:3174), pid=5396, tid=9920
#  Error: ShouldNotReachHere()
#
# JRE version: 6.0_20-b02
# Java VM: Java HotSpot(TM) Client VM (16.3-b01 mixed mode windows-x86 )
# If you would like to submit a bug report, please visit:
#   http://java.sun.com/webapps/bugreport/crash.jsp
#

---------------  T H R E A D  ---------------

Current thread (0x012b9c00):  JavaThread "Unknown thread" [_thread_in_vm, id=9920, stack(0x00360000,0x003b0000)]

Stack: [0x00360000,0x003b0000],  sp=0x003af880,  free space=13e003af890k
Native frames: (J=compiled Java code, j=interpreted, Vv=VM code, C=native code)
V  [jvm.dll+0x1f4180]
V  [jvm.dll+0xa1e29]
V  [jvm.dll+0x74a41]
V  [jvm.dll+0x760e4]
V  [jvm.dll+0x1c26a5]
V  [jvm.dll+0x1c2ddd]
V  [jvm.dll+0x1c3195]
V  [jvm.dll+0x1c31db]
V  [jvm.dll+0x1c3302]
V  [jvm.dll+0x1c337a]
V  [jvm.dll+0x1c382d]
V  [jvm.dll+0x1c3c32]
V  [jvm.dll+0x1e40b3]
V  [jvm.dll+0x1e448c]
V  [jvm.dll+0xd89c1]
V  [jvm.dll+0x1ddcd8]
V  [jvm.dll+0x102e10]
C  [javaw.exe+0x1657]
C  [javaw.exe+0x1e2c]
C  [javaw.exe+0x8614]
C  [kernel32.dll+0x51154]
C  [ntdll.dll+0x5b299]
C  [ntdll.dll+0x5b26c]


---------------  P R O C E S S  ---------------

Java Threads: ( => current thread )

Other Threads:

=>0x012b9c00 (exited) JavaThread "Unknown thread" [_thread_in_vm, id=9920, stack(0x00360000,0x003b0000)]

VM state:not at safepoint (not fully initialized)

VM Mutex/Monitor currently owned by a thread: None

Dynamic libraries:
0x00400000 - 0x00424000 	C:\Program Files\Java\jdk1.6.0_20\bin\javaw.exe
0x77150000 - 0x7728c000 	C:\Windows\SYSTEM32\ntdll.dll
0x75d40000 - 0x75e14000 	C:\Windows\system32\kernel32.dll
0x75390000 - 0x753db000 	C:\Windows\system32\KERNELBASE.dll
0x77020000 - 0x770c0000 	C:\Windows\system32\ADVAPI32.dll
0x75a70000 - 0x75b1c000 	C:\Windows\system32\msvcrt.dll
0x772a0000 - 0x772b9000 	C:\Windows\SYSTEM32\sechost.dll
0x757d0000 - 0x75871000 	C:\Windows\system32\RPCRT4.dll
0x75950000 - 0x75a19000 	C:\Windows\system32\USER32.dll
0x75880000 - 0x758ce000 	C:\Windows\system32\GDI32.dll
0x755f0000 - 0x755fa000 	C:\Windows\system32\LPK.dll
0x75f40000 - 0x75fdd000 	C:\Windows\system32\USP10.dll
0x75930000 - 0x7594f000 	C:\Windows\system32\IMM32.DLL
0x76f50000 - 0x7701c000 	C:\Windows\system32\MSCTF.dll
0x7c340000 - 0x7c396000 	C:\Program Files\Java\jdk1.6.0_20\jre\bin\msvcr71.dll
0x6d8b0000 - 0x6db47000 	C:\Program Files\Java\jdk1.6.0_20\jre\bin\client\jvm.dll
0x73240000 - 0x73272000 	C:\Windows\system32\WINMM.dll
0x75210000 - 0x7525b000 	C:\Windows\system32\apphelp.dll
0x6d860000 - 0x6d86c000 	C:\Program Files\Java\jdk1.6.0_20\jre\bin\verify.dll
0x6d3e0000 - 0x6d3ff000 	C:\Program Files\Java\jdk1.6.0_20\jre\bin\java.dll
0x6d340000 - 0x6d348000 	C:\Program Files\Java\jdk1.6.0_20\jre\bin\hpi.dll
0x77290000 - 0x77295000 	C:\Windows\system32\PSAPI.DLL
0x6d430000 - 0x6d459000 	C:\Program Files\Java\jdk1.6.0_20\jre\bin\jdwp.dll
0x6d750000 - 0x6d756000 	C:\Program Files\Java\jdk1.6.0_20\jre\bin\npt.dll
0x6d8a0000 - 0x6d8af000 	C:\Program Files\Java\jdk1.6.0_20\jre\bin\zip.dll

VM Arguments:
jvm_args: -agentlib:jdwp=transport=dt_socket,suspend=y,address=localhost:62038 -Dfile.encoding=UTF-8 -Xbootclasspath:E:\android-sdk-windows\platforms\android-15\android.jar 
java_command: com.enn.servicepda.tasks.Test
Launcher Type: SUN_STANDARD

Environment Variables:
JAVA_HOME=C:\Program Files\Java\jdk1.6.0_20
CLASSPATH=C:\Program Files\Java\jdk1.6.0_20\lib;C:\Program Files\Java\jdk1.6.0_20\lib\tools.jar
PATH=C:/Program Files/Java/jdk1.6.0_20/bin/../jre/bin/client;C:/Program Files/Java/jdk1.6.0_20/bin/../jre/bin;C:/Program Files/Java/jdk1.6.0_20/bin/../jre/lib/i386;E:\senchaTouch\Sencha\Cmd\5.0.2.270;E:\senchaTouch\Ruby193\bin;E:\app\wenjian\product\11.2.0\dbhome_1\bin;C:\Program Files\Common Files\Microsoft Shared\Windows Live;E:\oracle\product\10.2.0\db_2\bin;C:\Program Files\Java\jdk1.6.0_20\bin;C:\Program Files\Java\jdk1.6.0_20\jre\bin;C:\Windows\system32;C:\Windows;C:\Windows\System32\Wbem;C:\Windows\System32\WindowsPowerShell\v1.0\;C:\Program Files\Windows Live\Shared;C:\Program Files\TortoiseSVN\bin;D:\Program Files\nodejs\;E:\apache-ant-1.9.4\bin;E:\android-sdk-windows\tools;E:\android-sdk-windows\platform-tools;E:\senchaTouch\Ruby193\bin;ENCHA_CMD_HOME;D:\android-sdk-windows\tools;C:\Users\wenjian\AppData\Roaming\npm;C:\Program Files\SSH Communications Security\SSH Secure Shell;D:\eclipse android2011\eclipse android;
USERNAME=wenjian
OS=Windows_NT
PROCESSOR_IDENTIFIER=x86 Family 6 Model 15 Stepping 11, GenuineIntel



---------------  S Y S T E M  ---------------

OS: Windows 7 Build 7600 

CPU:total 2 (2 cores per cpu, 1 threads per core) family 6 model 15 stepping 11, cmov, cx8, fxsr, mmx, sse, sse2, sse3, ssse3

Memory: 4k page, physical 2062640k(326712k free), swap 4125280k(1273124k free)

vm_info: Java HotSpot(TM) Client VM (16.3-b01) for windows-x86 JRE (1.6.0_20-b02), built on Apr 12 2010 13:52:23 by "java_re" with MS VC++ 7.1 (VS2003)

time: Thu Jan 29 14:51:47 2015
elapsed time: 0 seconds

